This is pdfTeX, Version 3.141592653-2.6-1.40.26 (TeX Live 2024) (preloaded format=pdflatex 2024.5.25)  5 AUG 2024 00:20
entering extended mode
 restricted \write18 enabled.
 %&-line parsing enabled.
**multiva_var1_ar1.tex
(./multiva_var1_ar1.tex
LaTeX2e <2023-11-01> patch level 1
L3 programming layer <2024-05-08>
(c:/Users/kento/AppData/Roaming/TinyTeX/texmf-dist/tex/latex/base/article.cls
Document Class: article 2023/05/17 v1.4n Standard LaTeX document class
(c:/Users/kento/AppData/Roaming/TinyTeX/texmf-dist/tex/latex/base/size10.clo
File: size10.clo 2023/05/17 v1.4n Standard LaTeX file (size option)
)
\c@part=\count189
\c@section=\count190
\c@subsection=\count191
\c@subsubsection=\count192
\c@paragraph=\count193
\c@subparagraph=\count194
\c@figure=\count195
\c@table=\count196
\abovecaptionskip=\skip48
\belowcaptionskip=\skip49
\bibindent=\dimen140
) (c:/Users/kento/AppData/Roaming/TinyTeX/texmf-dist/tex/latex/amsmath/amsmath.sty
Package: amsmath 2023/05/13 v2.17o AMS math features
\@mathmargin=\skip50

For additional information on amsmath, use the `?' option.
(c:/Users/kento/AppData/Roaming/TinyTeX/texmf-dist/tex/latex/amsmath/amstext.sty
Package: amstext 2021/08/26 v2.01 AMS text
 (c:/Users/kento/AppData/Roaming/TinyTeX/texmf-dist/tex/latex/amsmath/amsgen.sty
File: amsgen.sty 1999/11/30 v2.0 generic functions
\@emptytoks=\toks17
\ex@=\dimen141
)) (c:/Users/kento/AppData/Roaming/TinyTeX/texmf-dist/tex/latex/amsmath/amsbsy.sty
Package: amsbsy 1999/11/29 v1.2d Bold Symbols
\pmbraise@=\dimen142
) (c:/Users/kento/AppData/Roaming/TinyTeX/texmf-dist/tex/latex/amsmath/amsopn.sty
Package: amsopn 2022/04/08 v2.04 operator names
)
\inf@bad=\count197
LaTeX Info: Redefining \frac on input line 234.
\uproot@=\count198
\leftroot@=\count199
LaTeX Info: Redefining \overline on input line 399.
LaTeX Info: Redefining \colon on input line 410.
\classnum@=\count266
\DOTSCASE@=\count267
LaTeX Info: Redefining \ldots on input line 496.
LaTeX Info: Redefining \dots on input line 499.
LaTeX Info: Redefining \cdots on input line 620.
\Mathstrutbox@=\box51
\strutbox@=\box52
LaTeX Info: Redefining \big on input line 722.
LaTeX Info: Redefining \Big on input line 723.
LaTeX Info: Redefining \bigg on input line 724.
LaTeX Info: Redefining \Bigg on input line 725.
\big@size=\dimen143
LaTeX Font Info:    Redeclaring font encoding OML on input line 743.
LaTeX Font Info:    Redeclaring font encoding OMS on input line 744.
\macc@depth=\count268
LaTeX Info: Redefining \bmod on input line 905.
LaTeX Info: Redefining \pmod on input line 910.
LaTeX Info: Redefining \smash on input line 940.
LaTeX Info: Redefining \relbar on input line 970.
LaTeX Info: Redefining \Relbar on input line 971.
\c@MaxMatrixCols=\count269
\dotsspace@=\muskip16
\c@parentequation=\count270
\dspbrk@lvl=\count271
\tag@help=\toks18
\row@=\count272
\column@=\count273
\maxfields@=\count274
\andhelp@=\toks19
\eqnshift@=\dimen144
\alignsep@=\dimen145
\tagshift@=\dimen146
\tagwidth@=\dimen147
\totwidth@=\dimen148
\lineht@=\dimen149
\@envbody=\toks20
\multlinegap=\skip51
\multlinetaggap=\skip52
\mathdisplay@stack=\toks21
LaTeX Info: Redefining \[ on input line 2953.
LaTeX Info: Redefining \] on input line 2954.
) (c:/Users/kento/AppData/Roaming/TinyTeX/texmf-dist/tex/latex/tools/bm.sty
Package: bm 2023/07/08 v1.2f Bold Symbol Support (DPC/FMi)
\symboldoperators=\mathgroup4
\symboldletters=\mathgroup5
\symboldsymbols=\mathgroup6
Package bm Info: No bold for \OMX/cmex/m/n, using \pmb.
LaTeX Font Info:    Redeclaring math alphabet \mathbf on input line 149.
) (c:/Program Files/R/R-4.3.3/share/texmf/tex/latex/Sweave.sty
Package: Sweave 
 (c:/Users/kento/AppData/Roaming/TinyTeX/texmf-dist/tex/latex/base/ifthen.sty
Package: ifthen 2022/04/13 v1.1d Standard LaTeX ifthen package (DPC)
) (c:/Users/kento/AppData/Roaming/TinyTeX/texmf-dist/tex/generic/iftex/iftex.sty
Package: iftex 2022/02/03 v1.0f TeX engine tests
) (c:/Users/kento/AppData/Roaming/TinyTeX/texmf-dist/tex/latex/graphics/graphicx.sty
Package: graphicx 2021/09/16 v1.2d Enhanced LaTeX Graphics (DPC,SPQR)
 (c:/Users/kento/AppData/Roaming/TinyTeX/texmf-dist/tex/latex/graphics/keyval.sty
Package: keyval 2022/05/29 v1.15 key=value parser (DPC)
\KV@toks@=\toks22
) (c:/Users/kento/AppData/Roaming/TinyTeX/texmf-dist/tex/latex/graphics/graphics.sty
Package: graphics 2022/03/10 v1.4e Standard LaTeX Graphics (DPC,SPQR)
 (c:/Users/kento/AppData/Roaming/TinyTeX/texmf-dist/tex/latex/graphics/trig.sty
Package: trig 2021/08/11 v1.11 sin cos tan (DPC)
) (c:/Users/kento/AppData/Roaming/TinyTeX/texmf-dist/tex/latex/graphics-cfg/graphics.cfg
File: graphics.cfg 2016/06/04 v1.11 sample graphics configuration
)
Package graphics Info: Driver file: pdftex.def on input line 107.
 (c:/Users/kento/AppData/Roaming/TinyTeX/texmf-dist/tex/latex/graphics-def/pdftex.def
File: pdftex.def 2024/04/13 v1.2c Graphics/color driver for pdftex
))
\Gin@req@height=\dimen150
\Gin@req@width=\dimen151
) (c:/Users/kento/AppData/Roaming/TinyTeX/texmf-dist/tex/latex/fancyvrb/fancyvrb.sty
Package: fancyvrb 2024/01/20 4.5c verbatim text (tvz,hv)
\FV@CodeLineNo=\count275
\FV@InFile=\read2
\FV@TabBox=\box53
\c@FancyVerbLine=\count276
\FV@StepNumber=\count277
\FV@OutFile=\write3
) (c:/Users/kento/AppData/Roaming/TinyTeX/texmf-dist/tex/latex/base/textcomp.sty
Package: textcomp 2020/02/02 v2.0n Standard LaTeX package
) (c:/Users/kento/AppData/Roaming/TinyTeX/texmf-dist/tex/latex/base/fontenc.sty
Package: fontenc 2021/04/29 v2.0v Standard LaTeX package
)) (c:/Users/kento/AppData/Roaming/TinyTeX/texmf-dist/tex/latex/l3backend/l3backend-pdftex.def
File: l3backend-pdftex.def 2024-05-08 L3 backend support: PDF output (pdfTeX)
\l__color_backend_stack_int=\count278
\l__pdf_internal_box=\box54
) (./multiva_var1_ar1.aux)
\openout1 = `multiva_var1_ar1.aux'.

LaTeX Font Info:    Checking defaults for OML/cmm/m/it on input line 11.
LaTeX Font Info:    ... okay on input line 11.
LaTeX Font Info:    Checking defaults for OMS/cmsy/m/n on input line 11.
LaTeX Font Info:    ... okay on input line 11.
LaTeX Font Info:    Checking defaults for OT1/cmr/m/n on input line 11.
LaTeX Font Info:    ... okay on input line 11.
LaTeX Font Info:    Checking defaults for T1/cmr/m/n on input line 11.
LaTeX Font Info:    ... okay on input line 11.
LaTeX Font Info:    Checking defaults for TS1/cmr/m/n on input line 11.
LaTeX Font Info:    ... okay on input line 11.
LaTeX Font Info:    Checking defaults for OMX/cmex/m/n on input line 11.
LaTeX Font Info:    ... okay on input line 11.
LaTeX Font Info:    Checking defaults for U/cmr/m/n on input line 11.
LaTeX Font Info:    ... okay on input line 11.
 (c:/Users/kento/AppData/Roaming/TinyTeX/texmf-dist/tex/latex/epstopdf-pkg/epstopdf-base.sty
Package: epstopdf-base 2020-01-24 v2.11 Base part for package epstopdf
 (c:/Users/kento/AppData/Roaming/TinyTeX/texmf-dist/tex/generic/infwarerr/infwarerr.sty
Package: infwarerr 2019/12/03 v1.5 Providing info/warning/error messages (HO)
) (c:/Users/kento/AppData/Roaming/TinyTeX/texmf-dist/tex/latex/grfext/grfext.sty
Package: grfext 2019/12/03 v1.3 Manage graphics extensions (HO)
 (c:/Users/kento/AppData/Roaming/TinyTeX/texmf-dist/tex/generic/kvdefinekeys/kvdefinekeys.sty
Package: kvdefinekeys 2019-12-19 v1.6 Define keys (HO)
)) (c:/Users/kento/AppData/Roaming/TinyTeX/texmf-dist/tex/latex/kvoptions/kvoptions.sty
Package: kvoptions 2022-06-15 v3.15 Key value format for package options (HO)
 (c:/Users/kento/AppData/Roaming/TinyTeX/texmf-dist/tex/generic/ltxcmds/ltxcmds.sty
Package: ltxcmds 2023-12-04 v1.26 LaTeX kernel commands for general use (HO)
) (c:/Users/kento/AppData/Roaming/TinyTeX/texmf-dist/tex/latex/kvsetkeys/kvsetkeys.sty
Package: kvsetkeys 2022-10-05 v1.19 Key value parser (HO)
)) (c:/Users/kento/AppData/Roaming/TinyTeX/texmf-dist/tex/generic/pdftexcmds/pdftexcmds.sty
Package: pdftexcmds 2020-06-27 v0.33 Utility functions of pdfTeX for LuaTeX (HO)
Package pdftexcmds Info: \pdf@primitive is available.
Package pdftexcmds Info: \pdf@ifprimitive is available.
Package pdftexcmds Info: \pdfdraftmode found.
)
Package epstopdf-base Info: Redefining graphics rule for `.eps' on input line 485.
Package grfext Info: Graphics extension search list:
(grfext)             [.pdf,.png,.jpg,.mps,.jpeg,.jbig2,.jb2,.PDF,.PNG,.JPG,.JPEG,.JBIG2,.JB2,.eps]
(grfext)             \AppendGraphicsExtensions on input line 504.
 (c:/Users/kento/AppData/Roaming/TinyTeX/texmf-dist/tex/latex/latexconfig/epstopdf-sys.cfg
File: epstopdf-sys.cfg 2010/07/13 v1.3 Configuration of (r)epstopdf for TeX Live
)) (./multiva_var1_ar1-concordance.tex)
LaTeX Font Info:    Trying to load font information for T1+cmtt on input line 45.
 (c:/Users/kento/AppData/Roaming/TinyTeX/texmf-dist/tex/latex/base/t1cmtt.fd
File: t1cmtt.fd 2023/04/13 v2.5m Standard LaTeX font definitions
) [1

{c:/Users/kento/AppData/Roaming/TinyTeX/texmf-var/fonts/map/pdftex/updmap/pdftex.map}{c:/Users/kento/AppData/Roaming/TinyTeX/texmf-dist/fonts/enc/dvips/cm-super/cm-super-t1.enc}] [2]
Overfull \hbox (11.91284pt too wide) in paragraph at lines 116--116
[]  \T1/cmtt/m/n/10 matrix[N_timepoints, 2] F[N_people]; // Latent variables F1 and F2[] 
 []


Overfull \hbox (1.4154pt too wide) in paragraph at lines 116--116
[]  \T1/cmtt/m/n/10 real<lower=-1, upper=1> phi1;        // AR(1) coefficient for F1[] 
 []


Overfull \hbox (1.4154pt too wide) in paragraph at lines 116--116
[]  \T1/cmtt/m/n/10 real<lower=-1, upper=1> phi2;        // AR(1) coefficient for F2[] 
 []


Overfull \hbox (80.14618pt too wide) in paragraph at lines 116--116
[]  \T1/cmtt/m/n/10 real<lower=0> sigma[2, 3];           // Standard deviation of observation noise[] 
 []

[3]
Overfull \hbox (59.1513pt too wide) in paragraph at lines 163--163
[]        \T1/cmtt/m/n/10 log_lik[i, t] += normal_lpdf(Y1[i, k, t] | F[i, t, 1], sigma[1, k]) +[] 
 []


Overfull \hbox (53.90259pt too wide) in paragraph at lines 163--163
[]                         \T1/cmtt/m/n/10 normal_lpdf(Y2[i, k, t] | F[i, t, 2], sigma[2, k]);[] 
 []

[4] [5] [6] [7]
<mse_plot_y1.pdf, id=42, 505.89pt x 505.89pt>
File: mse_plot_y1.pdf Graphic file (type pdf)
<use mse_plot_y1.pdf>
Package pdftex.def Info: mse_plot_y1.pdf  used on input line 379.
(pdftex.def)             Requested size: 345.0pt x 345.00414pt.
 [8]
<mse_plot_y2.pdf, id=46, 505.89pt x 505.89pt>
File: mse_plot_y2.pdf Graphic file (type pdf)
<use mse_plot_y2.pdf>
Package pdftex.def Info: mse_plot_y2.pdf  used on input line 385.
(pdftex.def)             Requested size: 345.0pt x 345.00414pt.


LaTeX Warning: `h' float specifier changed to `ht'.

<posterior_distributions_VAR.pdf, id=47, 505.89pt x 505.89pt>
File: posterior_distributions_VAR.pdf Graphic file (type pdf)
<use posterior_distributions_VAR.pdf>
Package pdftex.def Info: posterior_distributions_VAR.pdf  used on input line 391.
(pdftex.def)             Requested size: 345.0pt x 345.00414pt.

LaTeX Warning: `h' float specifier changed to `ht'.

<predicted_vs_observed_y1.pdf, id=48, 505.89pt x 505.89pt>
File: predicted_vs_observed_y1.pdf Graphic file (type pdf)
<use predicted_vs_observed_y1.pdf>
Package pdftex.def Info: predicted_vs_observed_y1.pdf  used on input line 397.
(pdftex.def)             Requested size: 345.0pt x 345.00414pt.

LaTeX Warning: `h' float specifier changed to `ht'.

<predicted_vs_observed_y2.pdf, id=49, 505.89pt x 505.89pt>
File: predicted_vs_observed_y2.pdf Graphic file (type pdf)
<use predicted_vs_observed_y2.pdf>
Package pdftex.def Info: predicted_vs_observed_y2.pdf  used on input line 403.
(pdftex.def)             Requested size: 345.0pt x 345.00414pt.

LaTeX Warning: `h' float specifier changed to `ht'.

<log_likelihood_over_time.pdf, id=50, 505.89pt x 505.89pt>
File: log_likelihood_over_time.pdf Graphic file (type pdf)
<use log_likelihood_over_time.pdf>
Package pdftex.def Info: log_likelihood_over_time.pdf  used on input line 409.
(pdftex.def)             Requested size: 345.0pt x 345.00414pt.

LaTeX Warning: `h' float specifier changed to `ht'.

<prediction_intervals_y1.pdf, id=51, 505.89pt x 505.89pt>
File: prediction_intervals_y1.pdf Graphic file (type pdf)
<use prediction_intervals_y1.pdf>
Package pdftex.def Info: prediction_intervals_y1.pdf  used on input line 415.
(pdftex.def)             Requested size: 345.0pt x 345.00414pt.

LaTeX Warning: `h' float specifier changed to `ht'.

[9 <./mse_plot_y1.pdf>] [10 <./mse_plot_y2.pdf>] [11 <./posterior_distributions_VAR.pdf>] [12 <./predicted_vs_observed_y1.pdf>] [13 <./predicted_vs_observed_y2.pdf>] [14 <./log_likelihood_over_time.pdf>] [15 <./prediction_intervals_y1.pdf>] (./multiva_var1_ar1.aux)
 ***********
LaTeX2e <2023-11-01> patch level 1
L3 programming layer <2024-05-08>
 ***********
 ) 
Here is how much of TeX's memory you used:
 3236 strings out of 475954
 53777 string characters out of 5788719
 1935907 words of memory out of 5000000
 25405 multiletter control sequences out of 15000+600000
 574235 words of font info for 78 fonts, out of 8000000 for 9000
 14 hyphenation exceptions out of 8191
 72i,7n,79p,352b,317s stack positions out of 10000i,1000n,20000p,200000b,200000s
<c:/Users/kento/AppData/Roaming/TinyTeX/texmf-dist/fonts/type1/public/amsfonts/cm/cmbx10.pfb><c:/Users/kento/AppData/Roaming/TinyTeX/texmf-dist/fonts/type1/public/amsfonts/cm/cmex10.pfb><c:/Users/kento/AppData/Roaming/TinyTeX/texmf-dist/fonts/type1/public/amsfonts/cm/cmmi10.pfb><c:/Users/kento/AppData/Roaming/TinyTeX/texmf-dist/fonts/type1/public/amsfonts/cm/cmmi7.pfb><c:/Users/kento/AppData/Roaming/TinyTeX/texmf-dist/fonts/type1/public/amsfonts/cm/cmmib10.pfb><c:/Users/kento/AppData/Roaming/TinyTeX/texmf-dist/fonts/type1/public/amsfonts/cm/cmr10.pfb><c:/Users/kento/AppData/Roaming/TinyTeX/texmf-dist/fonts/type1/public/amsfonts/cm/cmr7.pfb><c:/Users/kento/AppData/Roaming/TinyTeX/texmf-dist/fonts/type1/public/amsfonts/cm/cmsy10.pfb><c:/Users/kento/AppData/Roaming/TinyTeX/texmf-dist/fonts/type1/public/amsfonts/cm/cmsy7.pfb><c:/Users/kento/AppData/Roaming/TinyTeX/texmf-dist/fonts/type1/public/cm-super/sfbx1200.pfb><c:/Users/kento/AppData/Roaming/TinyTeX/texmf-dist/fonts/type1/public/cm-super/sfbx1440.pfb><c:/Users/kento/AppData/Roaming/TinyTeX/texmf-dist/fonts/type1/public/cm-super/sfrm0700.pfb><c:/Users/kento/AppData/Roaming/TinyTeX/texmf-dist/fonts/type1/public/cm-super/sfrm1000.pfb><c:/Users/kento/AppData/Roaming/TinyTeX/texmf-dist/fonts/type1/public/cm-super/sfrm1728.pfb><c:/Users/kento/AppData/Roaming/TinyTeX/texmf-dist/fonts/type1/public/cm-super/sfst1000.pfb><c:/Users/kento/AppData/Roaming/TinyTeX/texmf-dist/fonts/type1/public/cm-super/sftt1000.pfb>
Output written on multiva_var1_ar1.pdf (15 pages, 322066 bytes).
PDF statistics:
 183 PDF objects out of 1000 (max. 8388607)
 117 compressed objects within 2 object streams
 0 named destinations out of 1000 (max. 500000)
 40 words of extra memory for PDF output out of 10000 (max. 10000000)

